10:57:46 **** Incremental Build of configuration Nios II for project fft_test_app ****
wsl make all 
Info: Building ../fft_test_lib
make --no-print-directory -C ../fft_test_lib
Info: Building ../fft_test_bsp/
make --no-print-directory -C ../fft_test_bsp/
[BSP build complete]
cp -f obj/default/libfft_test_lib.a libfft_test_lib.a
Info: Building ../fft_test_bsp/
make --no-print-directory -C ../fft_test_bsp/
[BSP build complete]
Info: Compiling main.cpp to obj/default/main.o
nios2-elf-gcc.exe -xc++ -MP -MMD -c -I../fft_test_bsp//HAL/inc -I../fft_test_bsp/ -I../fft_test_bsp//drivers/inc -I../fft_test_lib  -pipe -D__hal__ -DALT_NO_INSTRUCTION_EMULATION -DALT_SINGLE_THREADED      -O0 -g -Wall   -mno-hw-div -mno-hw-mul -mno-hw-mulx -mgpopt=global  -o obj/default/main.o main.cpp
main.cpp: In function 'int main()':
main.cpp:32:11: warning: variable 'max_index' set but not used [-Wunused-but-set-variable]
   32 |  uint8_t  max_index;
      |           ^~~~~~~~~
Info: Linking fft_test_app.elf
nios2-elf-g++.exe  -T'../fft_test_bsp//linker.x' -msys-crt0='../fft_test_bsp//obj/HAL/src/crt0.o' -msys-lib=hal_bsp -L../fft_test_lib -L../fft_test_bsp/ -L../fft_test_lib   -Wl,-Map=fft_test_app.map   -O0 -g -Wall   -mno-hw-div -mno-hw-mul -mno-hw-mulx -mgpopt=global  -o fft_test_app.elf obj/default/main.o -lfft_test_lib -lm -lfft_test_lib -msys-lib=m
c:/intelfpga_lite/20.1/nios2eds/bin/gnu/h-x86_64-mingw32/bin/../lib/gcc/nios2-elf/9.2.1/../../../../../H-x86_64-mingw32/nios2-elf/bin/ld.exe: obj/default/main.o: in function `main':
C:\Salukat\Purificador\SoftwareDevelopment\Max_10_NEEK\FFT_Test\software\fft_test_app/main.cpp:33: undefined reference to `FFT_HANDLER::Init()'
c:/intelfpga_lite/20.1/nios2eds/bin/gnu/h-x86_64-mingw32/bin/../lib/gcc/nios2-elf/9.2.1/../../../../../H-x86_64-mingw32/nios2-elf/bin/ld.exe: C:\Salukat\Purificador\SoftwareDevelopment\Max_10_NEEK\FFT_Test\software\fft_test_app/main.cpp:35: undefined reference to `FFT_HANDLER::Read_Index()'
c:/intelfpga_lite/20.1/nios2eds/bin/gnu/h-x86_64-mingw32/bin/../lib/gcc/nios2-elf/9.2.1/../../../../../H-x86_64-mingw32/nios2-elf/bin/ld.exe: obj/default/main.o: in function `__static_initialization_and_destruction_0(int, int)':
C:\Salukat\Purificador\SoftwareDevelopment\Max_10_NEEK\FFT_Test\software\fft_test_app/main.cpp:29: undefined reference to `FFT_HANDLER::FFT_HANDLER()'
c:/intelfpga_lite/20.1/nios2eds/bin/gnu/h-x86_64-mingw32/bin/../lib/gcc/nios2-elf/9.2.1/../../../../../H-x86_64-mingw32/nios2-elf/bin/ld.exe: C:\Salukat\Purificador\SoftwareDevelopment\Max_10_NEEK\FFT_Test\software\fft_test_app/main.cpp:29: undefined reference to `FFT_HANDLER::~FFT_HANDLER()'
collect2.exe: error: ld returned 1 exit status
make: *** [Makefile:1012: fft_test_app.elf] Error 1

10:57:49 Build Finished (took 3s.620ms)

